Start testing: Sep 30 14:07 CEST
----------------------------------------------------------
1/5 Testing: example.add
1/5 Test: example.add
Command: "/home/rtrk/Documents/example2/TemplateProject/gtest/build/bin/unit_tests" "--gtest_filter=example.add" "--gtest_also_run_disabled_tests"
Directory: /home/rtrk/Documents/example2/TemplateProject/gtest/build/test
"example.add" start time: Sep 30 14:07 CEST
Output:
----------------------------------------------------------
Running main() from /home/rtrk/Documents/example2/TemplateProject/gtest/build/_deps/gtest-src/googletest/src/gtest_main.cc
Note: Google Test filter = example.add
[==========] Running 1 test from 1 test suite.
[----------] Global test environment set-up.
[----------] 1 test from example
[ RUN      ] example.add
[       OK ] example.add (0 ms)
[----------] 1 test from example (0 ms total)

[----------] Global test environment tear-down
[==========] 1 test from 1 test suite ran. (0 ms total)
[  PASSED  ] 1 test.
<end of output>
Test time =   0.00 sec
----------------------------------------------------------
Test Passed.
"example.add" end time: Sep 30 14:07 CEST
"example.add" time elapsed: 00:00:00
----------------------------------------------------------

2/5 Testing: example.subtract
2/5 Test: example.subtract
Command: "/home/rtrk/Documents/example2/TemplateProject/gtest/build/bin/unit_tests" "--gtest_filter=example.subtract" "--gtest_also_run_disabled_tests"
Directory: /home/rtrk/Documents/example2/TemplateProject/gtest/build/test
"example.subtract" start time: Sep 30 14:07 CEST
Output:
----------------------------------------------------------
Running main() from /home/rtrk/Documents/example2/TemplateProject/gtest/build/_deps/gtest-src/googletest/src/gtest_main.cc
Note: Google Test filter = example.subtract
[==========] Running 1 test from 1 test suite.
[----------] Global test environment set-up.
[----------] 1 test from example
[ RUN      ] example.subtract
[       OK ] example.subtract (0 ms)
[----------] 1 test from example (0 ms total)

[----------] Global test environment tear-down
[==========] 1 test from 1 test suite ran. (0 ms total)
[  PASSED  ] 1 test.
<end of output>
Test time =   0.00 sec
----------------------------------------------------------
Test Passed.
"example.subtract" end time: Sep 30 14:07 CEST
"example.subtract" time elapsed: 00:00:00
----------------------------------------------------------

3/5 Testing: example.multiply
3/5 Test: example.multiply
Command: "/home/rtrk/Documents/example2/TemplateProject/gtest/build/bin/unit_tests" "--gtest_filter=example.multiply" "--gtest_also_run_disabled_tests"
Directory: /home/rtrk/Documents/example2/TemplateProject/gtest/build/test
"example.multiply" start time: Sep 30 14:07 CEST
Output:
----------------------------------------------------------
Running main() from /home/rtrk/Documents/example2/TemplateProject/gtest/build/_deps/gtest-src/googletest/src/gtest_main.cc
Note: Google Test filter = example.multiply
[==========] Running 1 test from 1 test suite.
[----------] Global test environment set-up.
[----------] 1 test from example
[ RUN      ] example.multiply
[       OK ] example.multiply (0 ms)
[----------] 1 test from example (0 ms total)

[----------] Global test environment tear-down
[==========] 1 test from 1 test suite ran. (0 ms total)
[  PASSED  ] 1 test.
<end of output>
Test time =   0.00 sec
----------------------------------------------------------
Test Passed.
"example.multiply" end time: Sep 30 14:07 CEST
"example.multiply" time elapsed: 00:00:00
----------------------------------------------------------

4/5 Testing: imageProcessing.new_component
4/5 Test: imageProcessing.new_component
Command: "/home/rtrk/Documents/example2/TemplateProject/gtest/build/bin/unit_tests" "--gtest_filter=imageProcessing.new_component" "--gtest_also_run_disabled_tests"
Directory: /home/rtrk/Documents/example2/TemplateProject/gtest/build/test
"imageProcessing.new_component" start time: Sep 30 14:07 CEST
Output:
----------------------------------------------------------
Running main() from /home/rtrk/Documents/example2/TemplateProject/gtest/build/_deps/gtest-src/googletest/src/gtest_main.cc
Note: Google Test filter = imageProcessing.new_component
[==========] Running 1 test from 1 test suite.
[----------] Global test environment set-up.
[----------] 1 test from imageProcessing
[ RUN      ] imageProcessing.new_component
[       OK ] imageProcessing.new_component (0 ms)
[----------] 1 test from imageProcessing (0 ms total)

[----------] Global test environment tear-down
[==========] 1 test from 1 test suite ran. (0 ms total)
[  PASSED  ] 1 test.
<end of output>
Test time =   0.00 sec
----------------------------------------------------------
Test Passed.
"imageProcessing.new_component" end time: Sep 30 14:07 CEST
"imageProcessing.new_component" time elapsed: 00:00:00
----------------------------------------------------------

5/5 Testing: imageProcessing.converte_mes_to_binary
5/5 Test: imageProcessing.converte_mes_to_binary
Command: "/home/rtrk/Documents/example2/TemplateProject/gtest/build/bin/unit_tests" "--gtest_filter=imageProcessing.converte_mes_to_binary" "--gtest_also_run_disabled_tests"
Directory: /home/rtrk/Documents/example2/TemplateProject/gtest/build/test
"imageProcessing.converte_mes_to_binary" start time: Sep 30 14:07 CEST
Output:
----------------------------------------------------------
Running main() from /home/rtrk/Documents/example2/TemplateProject/gtest/build/_deps/gtest-src/googletest/src/gtest_main.cc
Note: Google Test filter = imageProcessing.converte_mes_to_binary
[==========] Running 1 test from 1 test suite.
[----------] Global test environment set-up.
[----------] 1 test from imageProcessing
[ RUN      ] imageProcessing.converte_mes_to_binary
/home/rtrk/Documents/example2/TemplateProject/gtest/test/example_add.cpp:29: Failure
Expected equality of these values:
  res[0]
    Which is: '0' (48, 0x30)
  ok[0]
    Which is: '\0'
[  FAILED  ] imageProcessing.converte_mes_to_binary (0 ms)
[----------] 1 test from imageProcessing (0 ms total)

[----------] Global test environment tear-down
[==========] 1 test from 1 test suite ran. (0 ms total)
[  PASSED  ] 0 tests.
[  FAILED  ] 1 test, listed below:
[  FAILED  ] imageProcessing.converte_mes_to_binary

 1 FAILED TEST
<end of output>
Test time =   0.00 sec
----------------------------------------------------------
Test Failed.
"imageProcessing.converte_mes_to_binary" end time: Sep 30 14:07 CEST
"imageProcessing.converte_mes_to_binary" time elapsed: 00:00:00
----------------------------------------------------------

End testing: Sep 30 14:07 CEST

unit =   0.01 sec*proc

